This file contains any messages produced by compilers while
running configure, to aid debugging if configure makes a mistake.

It was created by aggregate configure 1.0, which was
generated by GNU Autoconf 2.69.  Invocation command line was

  $ ./configure 

## --------- ##
## Platform. ##
## --------- ##

hostname = MacBook-Air.local
uname -m = x86_64
uname -r = 15.0.0
uname -s = Darwin
uname -v = Darwin Kernel Version 15.0.0: Wed Aug 26 16:57:32 PDT 2015; root:xnu-3247.1.106~1/RELEASE_X86_64

/usr/bin/uname -p = i386
/bin/uname -X     = unknown

/bin/arch              = unknown
/usr/bin/arch -k       = unknown
/usr/convex/getsysinfo = unknown
/usr/bin/hostinfo      = Mach kernel version:
	 Darwin Kernel Version 15.0.0: Wed Aug 26 16:57:32 PDT 2015; root:xnu-3247.1.106~1/RELEASE_X86_64
Kernel configured for up to 4 processors.
2 processors are physically available.
4 processors are logically available.
Processor type: i486 (Intel 80486)
Processors active: 0 1 2 3
Primary memory available: 4.00 gigabytes
Default processor set: 249 tasks, 1446 threads, 4 processors
Load average: 3.61, Mach factor: 1.02
/bin/machine           = unknown
/usr/bin/oslevel       = unknown
/bin/universe          = unknown

PATH: /usr/local/bin
PATH: /usr/bin
PATH: /bin
PATH: /usr/sbin
PATH: /sbin
PATH: /opt/X11/bin
PATH: /Library/TeX/texbin


## ----------- ##
## Core tests. ##
## ----------- ##

configure:2527: checking for a BSD-compatible install
configure:2595: result: /usr/bin/install -c
configure:2606: checking whether build environment is sane
configure:2661: result: yes
configure:2812: checking for a thread-safe mkdir -p
configure:2851: result: ./install-sh -c -d
configure:2858: checking for gawk
configure:2888: result: no
configure:2858: checking for mawk
configure:2888: result: no
configure:2858: checking for nawk
configure:2888: result: no
configure:2858: checking for awk
configure:2874: found /usr/bin/awk
configure:2885: result: awk
configure:2896: checking whether make sets $(MAKE)
configure:2918: result: yes
configure:2947: checking whether make supports nested variables
configure:2964: result: yes
configure:3150: checking for g++
configure:3166: found /usr/bin/g++
configure:3177: result: g++
configure:3204: checking for C++ compiler version
configure:3213: g++ --version >&5
Apple LLVM version 7.0.0 (clang-700.0.72)
Target: x86_64-apple-darwin15.0.0
Thread model: posix
Configured with: --prefix=/Applications/Xcode.app/Contents/Developer/usr --with-gxx-include-dir=/Applications/Xcode.app/Contents/Developer/Platforms/MacOSX.platform/Developer/SDKs/MacOSX10.11.sdk/usr/include/c++/4.2.1
configure:3224: $? = 0
configure:3213: g++ -v >&5
Configured with: --prefix=/Applications/Xcode.app/Contents/Developer/usr --with-gxx-include-dir=/Applications/Xcode.app/Contents/Developer/Platforms/MacOSX.platform/Developer/SDKs/MacOSX10.11.sdk/usr/include/c++/4.2.1
Apple LLVM version 7.0.0 (clang-700.0.72)
Target: x86_64-apple-darwin15.0.0
Thread model: posix
configure:3224: $? = 0
configure:3213: g++ -V >&5
clang: error: argument to '-V' is missing (expected 1 value)
clang: error: no input files
configure:3224: $? = 1
configure:3213: g++ -qversion >&5
clang: error: unknown argument: '-qversion'
clang: error: no input files
configure:3224: $? = 1
configure:3244: checking whether the C++ compiler works
configure:3266: g++    conftest.cpp  >&5
configure:3270: $? = 0
configure:3318: result: yes
configure:3321: checking for C++ compiler default output file name
configure:3323: result: a.out
configure:3329: checking for suffix of executables
configure:3336: g++ -o conftest    conftest.cpp  >&5
configure:3340: $? = 0
configure:3362: result: 
configure:3384: checking whether we are cross compiling
configure:3392: g++ -o conftest    conftest.cpp  >&5
configure:3396: $? = 0
configure:3403: ./conftest
configure:3407: $? = 0
configure:3422: result: no
configure:3427: checking for suffix of object files
configure:3449: g++ -c   conftest.cpp >&5
configure:3453: $? = 0
configure:3474: result: o
configure:3478: checking whether we are using the GNU C++ compiler
configure:3497: g++ -c   conftest.cpp >&5
configure:3497: $? = 0
configure:3506: result: yes
configure:3515: checking whether g++ accepts -g
configure:3535: g++ -c -g  conftest.cpp >&5
configure:3535: $? = 0
configure:3576: result: yes
configure:3610: checking for style of include used by make
configure:3638: result: GNU
configure:3664: checking dependency style of g++
configure:3775: result: gcc3
configure:3838: checking for gcc
configure:3854: found /usr/bin/gcc
configure:3865: result: gcc
configure:4094: checking for C compiler version
configure:4103: gcc --version >&5
Apple LLVM version 7.0.0 (clang-700.0.72)
Target: x86_64-apple-darwin15.0.0
Thread model: posix
Configured with: --prefix=/Applications/Xcode.app/Contents/Developer/usr --with-gxx-include-dir=/Applications/Xcode.app/Contents/Developer/Platforms/MacOSX.platform/Developer/SDKs/MacOSX10.11.sdk/usr/include/c++/4.2.1
configure:4114: $? = 0
configure:4103: gcc -v >&5
Configured with: --prefix=/Applications/Xcode.app/Contents/Developer/usr --with-gxx-include-dir=/Applications/Xcode.app/Contents/Developer/Platforms/MacOSX.platform/Developer/SDKs/MacOSX10.11.sdk/usr/include/c++/4.2.1
Apple LLVM version 7.0.0 (clang-700.0.72)
Target: x86_64-apple-darwin15.0.0
Thread model: posix
configure:4114: $? = 0
configure:4103: gcc -V >&5
clang: error: argument to '-V' is missing (expected 1 value)
clang: error: no input files
configure:4114: $? = 1
configure:4103: gcc -qversion >&5
clang: error: unknown argument: '-qversion'
clang: error: no input files
configure:4114: $? = 1
configure:4118: checking whether we are using the GNU C compiler
configure:4137: gcc -c   conftest.c >&5
configure:4137: $? = 0
configure:4146: result: yes
configure:4155: checking whether gcc accepts -g
configure:4175: gcc -c -g  conftest.c >&5
configure:4175: $? = 0
configure:4216: result: yes
configure:4233: checking for gcc option to accept ISO C89
configure:4296: gcc  -c -g -O2  conftest.c >&5
configure:4296: $? = 0
configure:4309: result: none needed
configure:4334: checking whether gcc understands -c and -o together
configure:4356: gcc -c conftest.c -o conftest2.o
configure:4359: $? = 0
configure:4356: gcc -c conftest.c -o conftest2.o
configure:4359: $? = 0
configure:4371: result: yes
configure:4390: checking dependency style of gcc
configure:4501: result: gcc3
configure:4526: checking how to run the C preprocessor
configure:4557: gcc -E  conftest.c
configure:4557: $? = 0
configure:4571: gcc -E  conftest.c
conftest.c:11:10: fatal error: 'ac_nonexistent.h' file not found
#include <ac_nonexistent.h>
         ^
1 error generated.
configure:4571: $? = 1
configure: failed program was:
| /* confdefs.h */
| #define PACKAGE_NAME "aggregate"
| #define PACKAGE_TARNAME "aggregate"
| #define PACKAGE_VERSION "1.0"
| #define PACKAGE_STRING "aggregate 1.0"
| #define PACKAGE_BUGREPORT "wudanzy@163.com"
| #define PACKAGE_URL ""
| #define PACKAGE "aggregate"
| #define VERSION "1.0"
| /* end confdefs.h.  */
| #include <ac_nonexistent.h>
configure:4596: result: gcc -E
configure:4616: gcc -E  conftest.c
configure:4616: $? = 0
configure:4630: gcc -E  conftest.c
conftest.c:11:10: fatal error: 'ac_nonexistent.h' file not found
#include <ac_nonexistent.h>
         ^
1 error generated.
configure:4630: $? = 1
configure: failed program was:
| /* confdefs.h */
| #define PACKAGE_NAME "aggregate"
| #define PACKAGE_TARNAME "aggregate"
| #define PACKAGE_VERSION "1.0"
| #define PACKAGE_STRING "aggregate 1.0"
| #define PACKAGE_BUGREPORT "wudanzy@163.com"
| #define PACKAGE_URL ""
| #define PACKAGE "aggregate"
| #define VERSION "1.0"
| /* end confdefs.h.  */
| #include <ac_nonexistent.h>
configure:4659: checking for grep that handles long lines and -e
configure:4717: result: /usr/bin/grep
configure:4722: checking for egrep
configure:4784: result: /usr/bin/grep -E
configure:4789: checking for ANSI C header files
configure:4809: gcc -c -g -O2  conftest.c >&5
configure:4809: $? = 0
configure:4882: gcc -o conftest -g -O2   conftest.c  >&5
configure:4882: $? = 0
configure:4882: ./conftest
configure:4882: $? = 0
configure:4893: result: yes
configure:4906: checking for sys/types.h
configure:4906: gcc -c -g -O2  conftest.c >&5
configure:4906: $? = 0
configure:4906: result: yes
configure:4906: checking for sys/stat.h
configure:4906: gcc -c -g -O2  conftest.c >&5
configure:4906: $? = 0
configure:4906: result: yes
configure:4906: checking for stdlib.h
configure:4906: gcc -c -g -O2  conftest.c >&5
configure:4906: $? = 0
configure:4906: result: yes
configure:4906: checking for string.h
configure:4906: gcc -c -g -O2  conftest.c >&5
configure:4906: $? = 0
configure:4906: result: yes
configure:4906: checking for memory.h
configure:4906: gcc -c -g -O2  conftest.c >&5
configure:4906: $? = 0
configure:4906: result: yes
configure:4906: checking for strings.h
configure:4906: gcc -c -g -O2  conftest.c >&5
configure:4906: $? = 0
configure:4906: result: yes
configure:4906: checking for inttypes.h
configure:4906: gcc -c -g -O2  conftest.c >&5
configure:4906: $? = 0
configure:4906: result: yes
configure:4906: checking for stdint.h
configure:4906: gcc -c -g -O2  conftest.c >&5
configure:4906: $? = 0
configure:4906: result: yes
configure:4906: checking for unistd.h
configure:4906: gcc -c -g -O2  conftest.c >&5
configure:4906: $? = 0
configure:4906: result: yes
configure:4921: checking arpa/inet.h usability
configure:4921: gcc -c -g -O2  conftest.c >&5
configure:4921: $? = 0
configure:4921: result: yes
configure:4921: checking arpa/inet.h presence
configure:4921: gcc -E  conftest.c
configure:4921: $? = 0
configure:4921: result: yes
configure:4921: checking for arpa/inet.h
configure:4921: result: yes
configure:4921: checking fcntl.h usability
configure:4921: gcc -c -g -O2  conftest.c >&5
configure:4921: $? = 0
configure:4921: result: yes
configure:4921: checking fcntl.h presence
configure:4921: gcc -E  conftest.c
configure:4921: $? = 0
configure:4921: result: yes
configure:4921: checking for fcntl.h
configure:4921: result: yes
configure:4921: checking float.h usability
configure:4921: gcc -c -g -O2  conftest.c >&5
configure:4921: $? = 0
configure:4921: result: yes
configure:4921: checking float.h presence
configure:4921: gcc -E  conftest.c
configure:4921: $? = 0
configure:4921: result: yes
configure:4921: checking for float.h
configure:4921: result: yes
configure:4921: checking for inttypes.h
configure:4921: result: yes
configure:4921: checking limits.h usability
configure:4921: gcc -c -g -O2  conftest.c >&5
configure:4921: $? = 0
configure:4921: result: yes
configure:4921: checking limits.h presence
configure:4921: gcc -E  conftest.c
configure:4921: $? = 0
configure:4921: result: yes
configure:4921: checking for limits.h
configure:4921: result: yes
configure:4921: checking malloc.h usability
configure:4921: gcc -c -g -O2  conftest.c >&5
conftest.c:59:10: fatal error: 'malloc.h' file not found
#include <malloc.h>
         ^
1 error generated.
configure:4921: $? = 1
configure: failed program was:
| /* confdefs.h */
| #define PACKAGE_NAME "aggregate"
| #define PACKAGE_TARNAME "aggregate"
| #define PACKAGE_VERSION "1.0"
| #define PACKAGE_STRING "aggregate 1.0"
| #define PACKAGE_BUGREPORT "wudanzy@163.com"
| #define PACKAGE_URL ""
| #define PACKAGE "aggregate"
| #define VERSION "1.0"
| #define STDC_HEADERS 1
| #define HAVE_SYS_TYPES_H 1
| #define HAVE_SYS_STAT_H 1
| #define HAVE_STDLIB_H 1
| #define HAVE_STRING_H 1
| #define HAVE_MEMORY_H 1
| #define HAVE_STRINGS_H 1
| #define HAVE_INTTYPES_H 1
| #define HAVE_STDINT_H 1
| #define HAVE_UNISTD_H 1
| #define HAVE_ARPA_INET_H 1
| #define HAVE_FCNTL_H 1
| #define HAVE_FLOAT_H 1
| #define HAVE_INTTYPES_H 1
| #define HAVE_LIMITS_H 1
| /* end confdefs.h.  */
| #include <stdio.h>
| #ifdef HAVE_SYS_TYPES_H
| # include <sys/types.h>
| #endif
| #ifdef HAVE_SYS_STAT_H
| # include <sys/stat.h>
| #endif
| #ifdef STDC_HEADERS
| # include <stdlib.h>
| # include <stddef.h>
| #else
| # ifdef HAVE_STDLIB_H
| #  include <stdlib.h>
| # endif
| #endif
| #ifdef HAVE_STRING_H
| # if !defined STDC_HEADERS && defined HAVE_MEMORY_H
| #  include <memory.h>
| # endif
| # include <string.h>
| #endif
| #ifdef HAVE_STRINGS_H
| # include <strings.h>
| #endif
| #ifdef HAVE_INTTYPES_H
| # include <inttypes.h>
| #endif
| #ifdef HAVE_STDINT_H
| # include <stdint.h>
| #endif
| #ifdef HAVE_UNISTD_H
| # include <unistd.h>
| #endif
| #include <malloc.h>
configure:4921: result: no
configure:4921: checking malloc.h presence
configure:4921: gcc -E  conftest.c
conftest.c:26:10: fatal error: 'malloc.h' file not found
#include <malloc.h>
         ^
1 error generated.
configure:4921: $? = 1
configure: failed program was:
| /* confdefs.h */
| #define PACKAGE_NAME "aggregate"
| #define PACKAGE_TARNAME "aggregate"
| #define PACKAGE_VERSION "1.0"
| #define PACKAGE_STRING "aggregate 1.0"
| #define PACKAGE_BUGREPORT "wudanzy@163.com"
| #define PACKAGE_URL ""
| #define PACKAGE "aggregate"
| #define VERSION "1.0"
| #define STDC_HEADERS 1
| #define HAVE_SYS_TYPES_H 1
| #define HAVE_SYS_STAT_H 1
| #define HAVE_STDLIB_H 1
| #define HAVE_STRING_H 1
| #define HAVE_MEMORY_H 1
| #define HAVE_STRINGS_H 1
| #define HAVE_INTTYPES_H 1
| #define HAVE_STDINT_H 1
| #define HAVE_UNISTD_H 1
| #define HAVE_ARPA_INET_H 1
| #define HAVE_FCNTL_H 1
| #define HAVE_FLOAT_H 1
| #define HAVE_INTTYPES_H 1
| #define HAVE_LIMITS_H 1
| /* end confdefs.h.  */
| #include <malloc.h>
configure:4921: result: no
configure:4921: checking for malloc.h
configure:4921: result: no
configure:4921: checking stddef.h usability
configure:4921: gcc -c -g -O2  conftest.c >&5
configure:4921: $? = 0
configure:4921: result: yes
configure:4921: checking stddef.h presence
configure:4921: gcc -E  conftest.c
configure:4921: $? = 0
configure:4921: result: yes
configure:4921: checking for stddef.h
configure:4921: result: yes
configure:4921: checking for stdint.h
configure:4921: result: yes
configure:4921: checking for stdlib.h
configure:4921: result: yes
configure:4921: checking for string.h
configure:4921: result: yes
configure:4921: checking for strings.h
configure:4921: result: yes
configure:4921: checking sys/file.h usability
configure:4921: gcc -c -g -O2  conftest.c >&5
configure:4921: $? = 0
configure:4921: result: yes
configure:4921: checking sys/file.h presence
configure:4921: gcc -E  conftest.c
configure:4921: $? = 0
configure:4921: result: yes
configure:4921: checking for sys/file.h
configure:4921: result: yes
configure:4921: checking sys/ioctl.h usability
configure:4921: gcc -c -g -O2  conftest.c >&5
configure:4921: $? = 0
configure:4921: result: yes
configure:4921: checking sys/ioctl.h presence
configure:4921: gcc -E  conftest.c
configure:4921: $? = 0
configure:4921: result: yes
configure:4921: checking for sys/ioctl.h
configure:4921: result: yes
configure:4921: checking sys/mount.h usability
configure:4921: gcc -c -g -O2  conftest.c >&5
configure:4921: $? = 0
configure:4921: result: yes
configure:4921: checking sys/mount.h presence
configure:4921: gcc -E  conftest.c
configure:4921: $? = 0
configure:4921: result: yes
configure:4921: checking for sys/mount.h
configure:4921: result: yes
configure:4921: checking sys/param.h usability
configure:4921: gcc -c -g -O2  conftest.c >&5
configure:4921: $? = 0
configure:4921: result: yes
configure:4921: checking sys/param.h presence
configure:4921: gcc -E  conftest.c
configure:4921: $? = 0
configure:4921: result: yes
configure:4921: checking for sys/param.h
configure:4921: result: yes
configure:4921: checking sys/statvfs.h usability
configure:4921: gcc -c -g -O2  conftest.c >&5
configure:4921: $? = 0
configure:4921: result: yes
configure:4921: checking sys/statvfs.h presence
configure:4921: gcc -E  conftest.c
configure:4921: $? = 0
configure:4921: result: yes
configure:4921: checking for sys/statvfs.h
configure:4921: result: yes
configure:4921: checking sys/time.h usability
configure:4921: gcc -c -g -O2  conftest.c >&5
configure:4921: $? = 0
configure:4921: result: yes
configure:4921: checking sys/time.h presence
configure:4921: gcc -E  conftest.c
configure:4921: $? = 0
configure:4921: result: yes
configure:4921: checking for sys/time.h
configure:4921: result: yes
configure:4921: checking for unistd.h
configure:4921: result: yes
configure:4921: checking utime.h usability
configure:4921: gcc -c -g -O2  conftest.c >&5
configure:4921: $? = 0
configure:4921: result: yes
configure:4921: checking utime.h presence
configure:4921: gcc -E  conftest.c
configure:4921: $? = 0
configure:4921: result: yes
configure:4921: checking for utime.h
configure:4921: result: yes
configure:4933: checking for stdbool.h that conforms to C99
configure:5000: gcc -c -g -O2  conftest.c >&5
conftest.c:88:24: warning: address of 's' will always evaluate to 'true' [-Wpointer-bool-conversion]
             bool e = &s;
                  ~    ^
conftest.c:92:23: warning: address of array 'a' will always evaluate to 'true' [-Wpointer-bool-conversion]
             return (!a + !b + !c + !d + !e + !f + !g + !h + !i + !!j + !k + !!l
                     ~^
conftest.c:92:28: warning: address of array 'b' will always evaluate to 'true' [-Wpointer-bool-conversion]
             return (!a + !b + !c + !d + !e + !f + !g + !h + !i + !!j + !k + !!l
                          ~^
conftest.c:92:33: warning: address of array 'c' will always evaluate to 'true' [-Wpointer-bool-conversion]
             return (!a + !b + !c + !d + !e + !f + !g + !h + !i + !!j + !k + !!l
                               ~^
conftest.c:92:38: warning: address of array 'd' will always evaluate to 'true' [-Wpointer-bool-conversion]
             return (!a + !b + !c + !d + !e + !f + !g + !h + !i + !!j + !k + !!l
                                    ~^
conftest.c:92:48: warning: address of array 'f' will always evaluate to 'true' [-Wpointer-bool-conversion]
             return (!a + !b + !c + !d + !e + !f + !g + !h + !i + !!j + !k + !!l
                                              ~^
conftest.c:92:53: warning: address of array 'g' will always evaluate to 'true' [-Wpointer-bool-conversion]
             return (!a + !b + !c + !d + !e + !f + !g + !h + !i + !!j + !k + !!l
                                                   ~^
conftest.c:92:58: warning: address of array 'h' will always evaluate to 'true' [-Wpointer-bool-conversion]
             return (!a + !b + !c + !d + !e + !f + !g + !h + !i + !!j + !k + !!l
                                                        ~^
conftest.c:92:63: warning: address of array 'i' will always evaluate to 'true' [-Wpointer-bool-conversion]
             return (!a + !b + !c + !d + !e + !f + !g + !h + !i + !!j + !k + !!l
                                                             ~^
conftest.c:93:30: warning: address of array 'n' will always evaluate to 'true' [-Wpointer-bool-conversion]
                            ~^
conftest.c:93:35: warning: address of array 'o' will always evaluate to 'true' [-Wpointer-bool-conversion]
                                 ~^
conftest.c:93:40: warning: address of array 'p' will always evaluate to 'true' [-Wpointer-bool-conversion]
                                      ~^
12 warnings generated.
configure:5000: $? = 0
configure:5007: result: yes
configure:5009: checking for _Bool
configure:5009: gcc -c -g -O2  conftest.c >&5
configure:5009: $? = 0
configure:5009: gcc -c -g -O2  conftest.c >&5
conftest.c:75:20: error: expected expression
if (sizeof ((_Bool)))
                   ^
1 error generated.
configure:5009: $? = 1
configure: failed program was:
| /* confdefs.h */
| #define PACKAGE_NAME "aggregate"
| #define PACKAGE_TARNAME "aggregate"
| #define PACKAGE_VERSION "1.0"
| #define PACKAGE_STRING "aggregate 1.0"
| #define PACKAGE_BUGREPORT "wudanzy@163.com"
| #define PACKAGE_URL ""
| #define PACKAGE "aggregate"
| #define VERSION "1.0"
| #define STDC_HEADERS 1
| #define HAVE_SYS_TYPES_H 1
| #define HAVE_SYS_STAT_H 1
| #define HAVE_STDLIB_H 1
| #define HAVE_STRING_H 1
| #define HAVE_MEMORY_H 1
| #define HAVE_STRINGS_H 1
| #define HAVE_INTTYPES_H 1
| #define HAVE_STDINT_H 1
| #define HAVE_UNISTD_H 1
| #define HAVE_ARPA_INET_H 1
| #define HAVE_FCNTL_H 1
| #define HAVE_FLOAT_H 1
| #define HAVE_INTTYPES_H 1
| #define HAVE_LIMITS_H 1
| #define HAVE_STDDEF_H 1
| #define HAVE_STDINT_H 1
| #define HAVE_STDLIB_H 1
| #define HAVE_STRING_H 1
| #define HAVE_STRINGS_H 1
| #define HAVE_SYS_FILE_H 1
| #define HAVE_SYS_IOCTL_H 1
| #define HAVE_SYS_MOUNT_H 1
| #define HAVE_SYS_PARAM_H 1
| #define HAVE_SYS_STATVFS_H 1
| #define HAVE_SYS_TIME_H 1
| #define HAVE_UNISTD_H 1
| #define HAVE_UTIME_H 1
| /* end confdefs.h.  */
| #include <stdio.h>
| #ifdef HAVE_SYS_TYPES_H
| # include <sys/types.h>
| #endif
| #ifdef HAVE_SYS_STAT_H
| # include <sys/stat.h>
| #endif
| #ifdef STDC_HEADERS
| # include <stdlib.h>
| # include <stddef.h>
| #else
| # ifdef HAVE_STDLIB_H
| #  include <stdlib.h>
| # endif
| #endif
| #ifdef HAVE_STRING_H
| # if !defined STDC_HEADERS && defined HAVE_MEMORY_H
| #  include <memory.h>
| # endif
| # include <string.h>
| #endif
| #ifdef HAVE_STRINGS_H
| # include <strings.h>
| #endif
| #ifdef HAVE_INTTYPES_H
| # include <inttypes.h>
| #endif
| #ifdef HAVE_STDINT_H
| # include <stdint.h>
| #endif
| #ifdef HAVE_UNISTD_H
| # include <unistd.h>
| #endif
| int
| main ()
| {
| if (sizeof ((_Bool)))
| 	    return 0;
|   ;
|   return 0;
| }
configure:5009: result: yes
configure:5020: checking for uid_t in sys/types.h
configure:5039: result: yes
configure:5050: checking for inline
configure:5066: gcc -c -g -O2  conftest.c >&5
configure:5066: $? = 0
configure:5074: result: inline
configure:5092: checking for int32_t
configure:5092: gcc -c -g -O2  conftest.c >&5
configure:5092: $? = 0
configure:5092: gcc -c -g -O2  conftest.c >&5
conftest.c:77:24: error: 'test_array' declared as an array with a negative size
static int test_array [1 - 2 * !((int32_t) (((((int32_t) 1 << N) << N) - 1) * 2 + 1)
                       ^~~~~~~~~~~~~~~~~~~~~~~~~~~~~~~~~~~~~~~~~~~~~~~~~~~~~~~~~~~~~
1 error generated.
configure:5092: $? = 1
configure: failed program was:
| /* confdefs.h */
| #define PACKAGE_NAME "aggregate"
| #define PACKAGE_TARNAME "aggregate"
| #define PACKAGE_VERSION "1.0"
| #define PACKAGE_STRING "aggregate 1.0"
| #define PACKAGE_BUGREPORT "wudanzy@163.com"
| #define PACKAGE_URL ""
| #define PACKAGE "aggregate"
| #define VERSION "1.0"
| #define STDC_HEADERS 1
| #define HAVE_SYS_TYPES_H 1
| #define HAVE_SYS_STAT_H 1
| #define HAVE_STDLIB_H 1
| #define HAVE_STRING_H 1
| #define HAVE_MEMORY_H 1
| #define HAVE_STRINGS_H 1
| #define HAVE_INTTYPES_H 1
| #define HAVE_STDINT_H 1
| #define HAVE_UNISTD_H 1
| #define HAVE_ARPA_INET_H 1
| #define HAVE_FCNTL_H 1
| #define HAVE_FLOAT_H 1
| #define HAVE_INTTYPES_H 1
| #define HAVE_LIMITS_H 1
| #define HAVE_STDDEF_H 1
| #define HAVE_STDINT_H 1
| #define HAVE_STDLIB_H 1
| #define HAVE_STRING_H 1
| #define HAVE_STRINGS_H 1
| #define HAVE_SYS_FILE_H 1
| #define HAVE_SYS_IOCTL_H 1
| #define HAVE_SYS_MOUNT_H 1
| #define HAVE_SYS_PARAM_H 1
| #define HAVE_SYS_STATVFS_H 1
| #define HAVE_SYS_TIME_H 1
| #define HAVE_UNISTD_H 1
| #define HAVE_UTIME_H 1
| #define HAVE__BOOL 1
| /* end confdefs.h.  */
| #include <stdio.h>
| #ifdef HAVE_SYS_TYPES_H
| # include <sys/types.h>
| #endif
| #ifdef HAVE_SYS_STAT_H
| # include <sys/stat.h>
| #endif
| #ifdef STDC_HEADERS
| # include <stdlib.h>
| # include <stddef.h>
| #else
| # ifdef HAVE_STDLIB_H
| #  include <stdlib.h>
| # endif
| #endif
| #ifdef HAVE_STRING_H
| # if !defined STDC_HEADERS && defined HAVE_MEMORY_H
| #  include <memory.h>
| # endif
| # include <string.h>
| #endif
| #ifdef HAVE_STRINGS_H
| # include <strings.h>
| #endif
| #ifdef HAVE_INTTYPES_H
| # include <inttypes.h>
| #endif
| #ifdef HAVE_STDINT_H
| # include <stdint.h>
| #endif
| #ifdef HAVE_UNISTD_H
| # include <unistd.h>
| #endif
| 	        enum { N = 32 / 2 - 1 };
| int
| main ()
| {
| static int test_array [1 - 2 * !((int32_t) (((((int32_t) 1 << N) << N) - 1) * 2 + 1)
| 		 < (int32_t) (((((int32_t) 1 << N) << N) - 1) * 2 + 2))];
| test_array [0] = 0;
| return test_array [0];
| 
|   ;
|   return 0;
| }
configure:5092: result: yes
configure:5103: checking for mode_t
configure:5103: gcc -c -g -O2  conftest.c >&5
configure:5103: $? = 0
configure:5103: gcc -c -g -O2  conftest.c >&5
conftest.c:76:21: error: expected expression
if (sizeof ((mode_t)))
                    ^
1 error generated.
configure:5103: $? = 1
configure: failed program was:
| /* confdefs.h */
| #define PACKAGE_NAME "aggregate"
| #define PACKAGE_TARNAME "aggregate"
| #define PACKAGE_VERSION "1.0"
| #define PACKAGE_STRING "aggregate 1.0"
| #define PACKAGE_BUGREPORT "wudanzy@163.com"
| #define PACKAGE_URL ""
| #define PACKAGE "aggregate"
| #define VERSION "1.0"
| #define STDC_HEADERS 1
| #define HAVE_SYS_TYPES_H 1
| #define HAVE_SYS_STAT_H 1
| #define HAVE_STDLIB_H 1
| #define HAVE_STRING_H 1
| #define HAVE_MEMORY_H 1
| #define HAVE_STRINGS_H 1
| #define HAVE_INTTYPES_H 1
| #define HAVE_STDINT_H 1
| #define HAVE_UNISTD_H 1
| #define HAVE_ARPA_INET_H 1
| #define HAVE_FCNTL_H 1
| #define HAVE_FLOAT_H 1
| #define HAVE_INTTYPES_H 1
| #define HAVE_LIMITS_H 1
| #define HAVE_STDDEF_H 1
| #define HAVE_STDINT_H 1
| #define HAVE_STDLIB_H 1
| #define HAVE_STRING_H 1
| #define HAVE_STRINGS_H 1
| #define HAVE_SYS_FILE_H 1
| #define HAVE_SYS_IOCTL_H 1
| #define HAVE_SYS_MOUNT_H 1
| #define HAVE_SYS_PARAM_H 1
| #define HAVE_SYS_STATVFS_H 1
| #define HAVE_SYS_TIME_H 1
| #define HAVE_UNISTD_H 1
| #define HAVE_UTIME_H 1
| #define HAVE__BOOL 1
| /* end confdefs.h.  */
| #include <stdio.h>
| #ifdef HAVE_SYS_TYPES_H
| # include <sys/types.h>
| #endif
| #ifdef HAVE_SYS_STAT_H
| # include <sys/stat.h>
| #endif
| #ifdef STDC_HEADERS
| # include <stdlib.h>
| # include <stddef.h>
| #else
| # ifdef HAVE_STDLIB_H
| #  include <stdlib.h>
| # endif
| #endif
| #ifdef HAVE_STRING_H
| # if !defined STDC_HEADERS && defined HAVE_MEMORY_H
| #  include <memory.h>
| # endif
| # include <string.h>
| #endif
| #ifdef HAVE_STRINGS_H
| # include <strings.h>
| #endif
| #ifdef HAVE_INTTYPES_H
| # include <inttypes.h>
| #endif
| #ifdef HAVE_STDINT_H
| # include <stdint.h>
| #endif
| #ifdef HAVE_UNISTD_H
| # include <unistd.h>
| #endif
| int
| main ()
| {
| if (sizeof ((mode_t)))
| 	    return 0;
|   ;
|   return 0;
| }
configure:5103: result: yes
configure:5114: checking for off_t
configure:5114: gcc -c -g -O2  conftest.c >&5
configure:5114: $? = 0
configure:5114: gcc -c -g -O2  conftest.c >&5
conftest.c:76:20: error: expected expression
if (sizeof ((off_t)))
                   ^
1 error generated.
configure:5114: $? = 1
configure: failed program was:
| /* confdefs.h */
| #define PACKAGE_NAME "aggregate"
| #define PACKAGE_TARNAME "aggregate"
| #define PACKAGE_VERSION "1.0"
| #define PACKAGE_STRING "aggregate 1.0"
| #define PACKAGE_BUGREPORT "wudanzy@163.com"
| #define PACKAGE_URL ""
| #define PACKAGE "aggregate"
| #define VERSION "1.0"
| #define STDC_HEADERS 1
| #define HAVE_SYS_TYPES_H 1
| #define HAVE_SYS_STAT_H 1
| #define HAVE_STDLIB_H 1
| #define HAVE_STRING_H 1
| #define HAVE_MEMORY_H 1
| #define HAVE_STRINGS_H 1
| #define HAVE_INTTYPES_H 1
| #define HAVE_STDINT_H 1
| #define HAVE_UNISTD_H 1
| #define HAVE_ARPA_INET_H 1
| #define HAVE_FCNTL_H 1
| #define HAVE_FLOAT_H 1
| #define HAVE_INTTYPES_H 1
| #define HAVE_LIMITS_H 1
| #define HAVE_STDDEF_H 1
| #define HAVE_STDINT_H 1
| #define HAVE_STDLIB_H 1
| #define HAVE_STRING_H 1
| #define HAVE_STRINGS_H 1
| #define HAVE_SYS_FILE_H 1
| #define HAVE_SYS_IOCTL_H 1
| #define HAVE_SYS_MOUNT_H 1
| #define HAVE_SYS_PARAM_H 1
| #define HAVE_SYS_STATVFS_H 1
| #define HAVE_SYS_TIME_H 1
| #define HAVE_UNISTD_H 1
| #define HAVE_UTIME_H 1
| #define HAVE__BOOL 1
| /* end confdefs.h.  */
| #include <stdio.h>
| #ifdef HAVE_SYS_TYPES_H
| # include <sys/types.h>
| #endif
| #ifdef HAVE_SYS_STAT_H
| # include <sys/stat.h>
| #endif
| #ifdef STDC_HEADERS
| # include <stdlib.h>
| # include <stddef.h>
| #else
| # ifdef HAVE_STDLIB_H
| #  include <stdlib.h>
| # endif
| #endif
| #ifdef HAVE_STRING_H
| # if !defined STDC_HEADERS && defined HAVE_MEMORY_H
| #  include <memory.h>
| # endif
| # include <string.h>
| #endif
| #ifdef HAVE_STRINGS_H
| # include <strings.h>
| #endif
| #ifdef HAVE_INTTYPES_H
| # include <inttypes.h>
| #endif
| #ifdef HAVE_STDINT_H
| # include <stdint.h>
| #endif
| #ifdef HAVE_UNISTD_H
| # include <unistd.h>
| #endif
| int
| main ()
| {
| if (sizeof ((off_t)))
| 	    return 0;
|   ;
|   return 0;
| }
configure:5114: result: yes
configure:5125: checking for pid_t
configure:5125: gcc -c -g -O2  conftest.c >&5
configure:5125: $? = 0
configure:5125: gcc -c -g -O2  conftest.c >&5
conftest.c:76:20: error: expected expression
if (sizeof ((pid_t)))
                   ^
1 error generated.
configure:5125: $? = 1
configure: failed program was:
| /* confdefs.h */
| #define PACKAGE_NAME "aggregate"
| #define PACKAGE_TARNAME "aggregate"
| #define PACKAGE_VERSION "1.0"
| #define PACKAGE_STRING "aggregate 1.0"
| #define PACKAGE_BUGREPORT "wudanzy@163.com"
| #define PACKAGE_URL ""
| #define PACKAGE "aggregate"
| #define VERSION "1.0"
| #define STDC_HEADERS 1
| #define HAVE_SYS_TYPES_H 1
| #define HAVE_SYS_STAT_H 1
| #define HAVE_STDLIB_H 1
| #define HAVE_STRING_H 1
| #define HAVE_MEMORY_H 1
| #define HAVE_STRINGS_H 1
| #define HAVE_INTTYPES_H 1
| #define HAVE_STDINT_H 1
| #define HAVE_UNISTD_H 1
| #define HAVE_ARPA_INET_H 1
| #define HAVE_FCNTL_H 1
| #define HAVE_FLOAT_H 1
| #define HAVE_INTTYPES_H 1
| #define HAVE_LIMITS_H 1
| #define HAVE_STDDEF_H 1
| #define HAVE_STDINT_H 1
| #define HAVE_STDLIB_H 1
| #define HAVE_STRING_H 1
| #define HAVE_STRINGS_H 1
| #define HAVE_SYS_FILE_H 1
| #define HAVE_SYS_IOCTL_H 1
| #define HAVE_SYS_MOUNT_H 1
| #define HAVE_SYS_PARAM_H 1
| #define HAVE_SYS_STATVFS_H 1
| #define HAVE_SYS_TIME_H 1
| #define HAVE_UNISTD_H 1
| #define HAVE_UTIME_H 1
| #define HAVE__BOOL 1
| /* end confdefs.h.  */
| #include <stdio.h>
| #ifdef HAVE_SYS_TYPES_H
| # include <sys/types.h>
| #endif
| #ifdef HAVE_SYS_STAT_H
| # include <sys/stat.h>
| #endif
| #ifdef STDC_HEADERS
| # include <stdlib.h>
| # include <stddef.h>
| #else
| # ifdef HAVE_STDLIB_H
| #  include <stdlib.h>
| # endif
| #endif
| #ifdef HAVE_STRING_H
| # if !defined STDC_HEADERS && defined HAVE_MEMORY_H
| #  include <memory.h>
| # endif
| # include <string.h>
| #endif
| #ifdef HAVE_STRINGS_H
| # include <strings.h>
| #endif
| #ifdef HAVE_INTTYPES_H
| # include <inttypes.h>
| #endif
| #ifdef HAVE_STDINT_H
| # include <stdint.h>
| #endif
| #ifdef HAVE_UNISTD_H
| # include <unistd.h>
| #endif
| int
| main ()
| {
| if (sizeof ((pid_t)))
| 	    return 0;
|   ;
|   return 0;
| }
configure:5125: result: yes
configure:5136: checking for size_t
configure:5136: gcc -c -g -O2  conftest.c >&5
configure:5136: $? = 0
configure:5136: gcc -c -g -O2  conftest.c >&5
conftest.c:76:21: error: expected expression
if (sizeof ((size_t)))
                    ^
1 error generated.
configure:5136: $? = 1
configure: failed program was:
| /* confdefs.h */
| #define PACKAGE_NAME "aggregate"
| #define PACKAGE_TARNAME "aggregate"
| #define PACKAGE_VERSION "1.0"
| #define PACKAGE_STRING "aggregate 1.0"
| #define PACKAGE_BUGREPORT "wudanzy@163.com"
| #define PACKAGE_URL ""
| #define PACKAGE "aggregate"
| #define VERSION "1.0"
| #define STDC_HEADERS 1
| #define HAVE_SYS_TYPES_H 1
| #define HAVE_SYS_STAT_H 1
| #define HAVE_STDLIB_H 1
| #define HAVE_STRING_H 1
| #define HAVE_MEMORY_H 1
| #define HAVE_STRINGS_H 1
| #define HAVE_INTTYPES_H 1
| #define HAVE_STDINT_H 1
| #define HAVE_UNISTD_H 1
| #define HAVE_ARPA_INET_H 1
| #define HAVE_FCNTL_H 1
| #define HAVE_FLOAT_H 1
| #define HAVE_INTTYPES_H 1
| #define HAVE_LIMITS_H 1
| #define HAVE_STDDEF_H 1
| #define HAVE_STDINT_H 1
| #define HAVE_STDLIB_H 1
| #define HAVE_STRING_H 1
| #define HAVE_STRINGS_H 1
| #define HAVE_SYS_FILE_H 1
| #define HAVE_SYS_IOCTL_H 1
| #define HAVE_SYS_MOUNT_H 1
| #define HAVE_SYS_PARAM_H 1
| #define HAVE_SYS_STATVFS_H 1
| #define HAVE_SYS_TIME_H 1
| #define HAVE_UNISTD_H 1
| #define HAVE_UTIME_H 1
| #define HAVE__BOOL 1
| /* end confdefs.h.  */
| #include <stdio.h>
| #ifdef HAVE_SYS_TYPES_H
| # include <sys/types.h>
| #endif
| #ifdef HAVE_SYS_STAT_H
| # include <sys/stat.h>
| #endif
| #ifdef STDC_HEADERS
| # include <stdlib.h>
| # include <stddef.h>
| #else
| # ifdef HAVE_STDLIB_H
| #  include <stdlib.h>
| # endif
| #endif
| #ifdef HAVE_STRING_H
| # if !defined STDC_HEADERS && defined HAVE_MEMORY_H
| #  include <memory.h>
| # endif
| # include <string.h>
| #endif
| #ifdef HAVE_STRINGS_H
| # include <strings.h>
| #endif
| #ifdef HAVE_INTTYPES_H
| # include <inttypes.h>
| #endif
| #ifdef HAVE_STDINT_H
| # include <stdint.h>
| #endif
| #ifdef HAVE_UNISTD_H
| # include <unistd.h>
| #endif
| int
| main ()
| {
| if (sizeof ((size_t)))
| 	    return 0;
|   ;
|   return 0;
| }
configure:5136: result: yes
configure:5147: checking for ssize_t
configure:5147: gcc -c -g -O2  conftest.c >&5
configure:5147: $? = 0
configure:5147: gcc -c -g -O2  conftest.c >&5
conftest.c:76:22: error: expected expression
if (sizeof ((ssize_t)))
                     ^
1 error generated.
configure:5147: $? = 1
configure: failed program was:
| /* confdefs.h */
| #define PACKAGE_NAME "aggregate"
| #define PACKAGE_TARNAME "aggregate"
| #define PACKAGE_VERSION "1.0"
| #define PACKAGE_STRING "aggregate 1.0"
| #define PACKAGE_BUGREPORT "wudanzy@163.com"
| #define PACKAGE_URL ""
| #define PACKAGE "aggregate"
| #define VERSION "1.0"
| #define STDC_HEADERS 1
| #define HAVE_SYS_TYPES_H 1
| #define HAVE_SYS_STAT_H 1
| #define HAVE_STDLIB_H 1
| #define HAVE_STRING_H 1
| #define HAVE_MEMORY_H 1
| #define HAVE_STRINGS_H 1
| #define HAVE_INTTYPES_H 1
| #define HAVE_STDINT_H 1
| #define HAVE_UNISTD_H 1
| #define HAVE_ARPA_INET_H 1
| #define HAVE_FCNTL_H 1
| #define HAVE_FLOAT_H 1
| #define HAVE_INTTYPES_H 1
| #define HAVE_LIMITS_H 1
| #define HAVE_STDDEF_H 1
| #define HAVE_STDINT_H 1
| #define HAVE_STDLIB_H 1
| #define HAVE_STRING_H 1
| #define HAVE_STRINGS_H 1
| #define HAVE_SYS_FILE_H 1
| #define HAVE_SYS_IOCTL_H 1
| #define HAVE_SYS_MOUNT_H 1
| #define HAVE_SYS_PARAM_H 1
| #define HAVE_SYS_STATVFS_H 1
| #define HAVE_SYS_TIME_H 1
| #define HAVE_UNISTD_H 1
| #define HAVE_UTIME_H 1
| #define HAVE__BOOL 1
| /* end confdefs.h.  */
| #include <stdio.h>
| #ifdef HAVE_SYS_TYPES_H
| # include <sys/types.h>
| #endif
| #ifdef HAVE_SYS_STAT_H
| # include <sys/stat.h>
| #endif
| #ifdef STDC_HEADERS
| # include <stdlib.h>
| # include <stddef.h>
| #else
| # ifdef HAVE_STDLIB_H
| #  include <stdlib.h>
| # endif
| #endif
| #ifdef HAVE_STRING_H
| # if !defined STDC_HEADERS && defined HAVE_MEMORY_H
| #  include <memory.h>
| # endif
| # include <string.h>
| #endif
| #ifdef HAVE_STRINGS_H
| # include <strings.h>
| #endif
| #ifdef HAVE_INTTYPES_H
| # include <inttypes.h>
| #endif
| #ifdef HAVE_STDINT_H
| # include <stdint.h>
| #endif
| #ifdef HAVE_UNISTD_H
| # include <unistd.h>
| #endif
| int
| main ()
| {
| if (sizeof ((ssize_t)))
| 	    return 0;
|   ;
|   return 0;
| }
configure:5147: result: yes
configure:5158: checking for struct stat.st_blksize
configure:5158: gcc -c -g -O2  conftest.c >&5
configure:5158: $? = 0
configure:5158: result: yes
configure:5168: checking for uint8_t
configure:5168: gcc -c -g -O2  conftest.c >&5
configure:5168: $? = 0
configure:5168: result: yes
configure:5182: checking for ptrdiff_t
configure:5182: gcc -c -g -O2  conftest.c >&5
configure:5182: $? = 0
configure:5182: gcc -c -g -O2  conftest.c >&5
conftest.c:77:24: error: expected expression
if (sizeof ((ptrdiff_t)))
                       ^
1 error generated.
configure:5182: $? = 1
configure: failed program was:
| /* confdefs.h */
| #define PACKAGE_NAME "aggregate"
| #define PACKAGE_TARNAME "aggregate"
| #define PACKAGE_VERSION "1.0"
| #define PACKAGE_STRING "aggregate 1.0"
| #define PACKAGE_BUGREPORT "wudanzy@163.com"
| #define PACKAGE_URL ""
| #define PACKAGE "aggregate"
| #define VERSION "1.0"
| #define STDC_HEADERS 1
| #define HAVE_SYS_TYPES_H 1
| #define HAVE_SYS_STAT_H 1
| #define HAVE_STDLIB_H 1
| #define HAVE_STRING_H 1
| #define HAVE_MEMORY_H 1
| #define HAVE_STRINGS_H 1
| #define HAVE_INTTYPES_H 1
| #define HAVE_STDINT_H 1
| #define HAVE_UNISTD_H 1
| #define HAVE_ARPA_INET_H 1
| #define HAVE_FCNTL_H 1
| #define HAVE_FLOAT_H 1
| #define HAVE_INTTYPES_H 1
| #define HAVE_LIMITS_H 1
| #define HAVE_STDDEF_H 1
| #define HAVE_STDINT_H 1
| #define HAVE_STDLIB_H 1
| #define HAVE_STRING_H 1
| #define HAVE_STRINGS_H 1
| #define HAVE_SYS_FILE_H 1
| #define HAVE_SYS_IOCTL_H 1
| #define HAVE_SYS_MOUNT_H 1
| #define HAVE_SYS_PARAM_H 1
| #define HAVE_SYS_STATVFS_H 1
| #define HAVE_SYS_TIME_H 1
| #define HAVE_UNISTD_H 1
| #define HAVE_UTIME_H 1
| #define HAVE__BOOL 1
| #define HAVE_STRUCT_STAT_ST_BLKSIZE 1
| /* end confdefs.h.  */
| #include <stdio.h>
| #ifdef HAVE_SYS_TYPES_H
| # include <sys/types.h>
| #endif
| #ifdef HAVE_SYS_STAT_H
| # include <sys/stat.h>
| #endif
| #ifdef STDC_HEADERS
| # include <stdlib.h>
| # include <stddef.h>
| #else
| # ifdef HAVE_STDLIB_H
| #  include <stdlib.h>
| # endif
| #endif
| #ifdef HAVE_STRING_H
| # if !defined STDC_HEADERS && defined HAVE_MEMORY_H
| #  include <memory.h>
| # endif
| # include <string.h>
| #endif
| #ifdef HAVE_STRINGS_H
| # include <strings.h>
| #endif
| #ifdef HAVE_INTTYPES_H
| # include <inttypes.h>
| #endif
| #ifdef HAVE_STDINT_H
| # include <stdint.h>
| #endif
| #ifdef HAVE_UNISTD_H
| # include <unistd.h>
| #endif
| int
| main ()
| {
| if (sizeof ((ptrdiff_t)))
| 	    return 0;
|   ;
|   return 0;
| }
configure:5182: result: yes
configure:5196: checking vfork.h usability
configure:5196: gcc -c -g -O2  conftest.c >&5
conftest.c:75:10: fatal error: 'vfork.h' file not found
#include <vfork.h>
         ^
1 error generated.
configure:5196: $? = 1
configure: failed program was:
| /* confdefs.h */
| #define PACKAGE_NAME "aggregate"
| #define PACKAGE_TARNAME "aggregate"
| #define PACKAGE_VERSION "1.0"
| #define PACKAGE_STRING "aggregate 1.0"
| #define PACKAGE_BUGREPORT "wudanzy@163.com"
| #define PACKAGE_URL ""
| #define PACKAGE "aggregate"
| #define VERSION "1.0"
| #define STDC_HEADERS 1
| #define HAVE_SYS_TYPES_H 1
| #define HAVE_SYS_STAT_H 1
| #define HAVE_STDLIB_H 1
| #define HAVE_STRING_H 1
| #define HAVE_MEMORY_H 1
| #define HAVE_STRINGS_H 1
| #define HAVE_INTTYPES_H 1
| #define HAVE_STDINT_H 1
| #define HAVE_UNISTD_H 1
| #define HAVE_ARPA_INET_H 1
| #define HAVE_FCNTL_H 1
| #define HAVE_FLOAT_H 1
| #define HAVE_INTTYPES_H 1
| #define HAVE_LIMITS_H 1
| #define HAVE_STDDEF_H 1
| #define HAVE_STDINT_H 1
| #define HAVE_STDLIB_H 1
| #define HAVE_STRING_H 1
| #define HAVE_STRINGS_H 1
| #define HAVE_SYS_FILE_H 1
| #define HAVE_SYS_IOCTL_H 1
| #define HAVE_SYS_MOUNT_H 1
| #define HAVE_SYS_PARAM_H 1
| #define HAVE_SYS_STATVFS_H 1
| #define HAVE_SYS_TIME_H 1
| #define HAVE_UNISTD_H 1
| #define HAVE_UTIME_H 1
| #define HAVE__BOOL 1
| #define HAVE_STRUCT_STAT_ST_BLKSIZE 1
| #define HAVE_PTRDIFF_T 1
| /* end confdefs.h.  */
| #include <stdio.h>
| #ifdef HAVE_SYS_TYPES_H
| # include <sys/types.h>
| #endif
| #ifdef HAVE_SYS_STAT_H
| # include <sys/stat.h>
| #endif
| #ifdef STDC_HEADERS
| # include <stdlib.h>
| # include <stddef.h>
| #else
| # ifdef HAVE_STDLIB_H
| #  include <stdlib.h>
| # endif
| #endif
| #ifdef HAVE_STRING_H
| # if !defined STDC_HEADERS && defined HAVE_MEMORY_H
| #  include <memory.h>
| # endif
| # include <string.h>
| #endif
| #ifdef HAVE_STRINGS_H
| # include <strings.h>
| #endif
| #ifdef HAVE_INTTYPES_H
| # include <inttypes.h>
| #endif
| #ifdef HAVE_STDINT_H
| # include <stdint.h>
| #endif
| #ifdef HAVE_UNISTD_H
| # include <unistd.h>
| #endif
| #include <vfork.h>
configure:5196: result: no
configure:5196: checking vfork.h presence
configure:5196: gcc -E  conftest.c
conftest.c:42:10: fatal error: 'vfork.h' file not found
#include <vfork.h>
         ^
1 error generated.
configure:5196: $? = 1
configure: failed program was:
| /* confdefs.h */
| #define PACKAGE_NAME "aggregate"
| #define PACKAGE_TARNAME "aggregate"
| #define PACKAGE_VERSION "1.0"
| #define PACKAGE_STRING "aggregate 1.0"
| #define PACKAGE_BUGREPORT "wudanzy@163.com"
| #define PACKAGE_URL ""
| #define PACKAGE "aggregate"
| #define VERSION "1.0"
| #define STDC_HEADERS 1
| #define HAVE_SYS_TYPES_H 1
| #define HAVE_SYS_STAT_H 1
| #define HAVE_STDLIB_H 1
| #define HAVE_STRING_H 1
| #define HAVE_MEMORY_H 1
| #define HAVE_STRINGS_H 1
| #define HAVE_INTTYPES_H 1
| #define HAVE_STDINT_H 1
| #define HAVE_UNISTD_H 1
| #define HAVE_ARPA_INET_H 1
| #define HAVE_FCNTL_H 1
| #define HAVE_FLOAT_H 1
| #define HAVE_INTTYPES_H 1
| #define HAVE_LIMITS_H 1
| #define HAVE_STDDEF_H 1
| #define HAVE_STDINT_H 1
| #define HAVE_STDLIB_H 1
| #define HAVE_STRING_H 1
| #define HAVE_STRINGS_H 1
| #define HAVE_SYS_FILE_H 1
| #define HAVE_SYS_IOCTL_H 1
| #define HAVE_SYS_MOUNT_H 1
| #define HAVE_SYS_PARAM_H 1
| #define HAVE_SYS_STATVFS_H 1
| #define HAVE_SYS_TIME_H 1
| #define HAVE_UNISTD_H 1
| #define HAVE_UTIME_H 1
| #define HAVE__BOOL 1
| #define HAVE_STRUCT_STAT_ST_BLKSIZE 1
| #define HAVE_PTRDIFF_T 1
| /* end confdefs.h.  */
| #include <vfork.h>
configure:5196: result: no
configure:5196: checking for vfork.h
configure:5196: result: no
configure:5209: checking for fork
configure:5209: gcc -o conftest -g -O2   conftest.c  >&5
configure:5209: $? = 0
configure:5209: result: yes
configure:5209: checking for vfork
configure:5209: gcc -o conftest -g -O2   conftest.c  >&5
conftest.c:66:6: warning: incompatible redeclaration of library function 'vfork' [-Wincompatible-library-redeclaration]
char vfork ();
     ^
conftest.c:66:6: note: 'vfork' is a builtin with type 'int (void)'
1 warning generated.
configure:5209: $? = 0
configure:5209: result: yes
configure:5219: checking for working fork
configure:5241: gcc -o conftest -g -O2   conftest.c  >&5
configure:5241: $? = 0
configure:5241: ./conftest
configure:5241: $? = 0
configure:5251: result: yes
configure:5272: checking for working vfork
configure:5382: result: yes
configure:5409: checking for stdlib.h
configure:5409: result: yes
configure:5419: checking for GNU libc compatible malloc
configure:5443: gcc -o conftest -g -O2   conftest.c  >&5
configure:5443: $? = 0
configure:5443: ./conftest
configure:5443: $? = 0
configure:5453: result: yes
configure:5476: checking for stdlib.h
configure:5476: result: yes
configure:5486: checking for GNU libc compatible realloc
configure:5510: gcc -o conftest -g -O2   conftest.c  >&5
configure:5510: $? = 0
configure:5510: ./conftest
configure:5510: $? = 0
configure:5520: result: yes
configure:5541: checking whether strerror_r is declared
configure:5541: gcc -c -g -O2  conftest.c >&5
configure:5541: $? = 0
configure:5541: result: yes
configure:5554: checking for strerror_r
configure:5554: gcc -o conftest -g -O2   conftest.c  >&5
configure:5554: $? = 0
configure:5554: result: yes
configure:5563: checking whether strerror_r returns char *
configure:5587: gcc -c -g -O2  conftest.c >&5
conftest.c:90:13: error: indirection requires pointer operand ('int' invalid)
          char x = *strerror_r (0, buf, sizeof buf);
                   ^~~~~~~~~~~~~~~~~~~~~~~~~~~~~~~~
conftest.c:91:10: warning: incompatible integer to pointer conversion initializing 'char *' with an expression of type 'int' [-Wint-conversion]
          char *p = strerror_r (0, buf, sizeof buf);
                ^   ~~~~~~~~~~~~~~~~~~~~~~~~~~~~~~~
1 warning and 1 error generated.
configure:5587: $? = 1
configure: failed program was:
| /* confdefs.h */
| #define PACKAGE_NAME "aggregate"
| #define PACKAGE_TARNAME "aggregate"
| #define PACKAGE_VERSION "1.0"
| #define PACKAGE_STRING "aggregate 1.0"
| #define PACKAGE_BUGREPORT "wudanzy@163.com"
| #define PACKAGE_URL ""
| #define PACKAGE "aggregate"
| #define VERSION "1.0"
| #define STDC_HEADERS 1
| #define HAVE_SYS_TYPES_H 1
| #define HAVE_SYS_STAT_H 1
| #define HAVE_STDLIB_H 1
| #define HAVE_STRING_H 1
| #define HAVE_MEMORY_H 1
| #define HAVE_STRINGS_H 1
| #define HAVE_INTTYPES_H 1
| #define HAVE_STDINT_H 1
| #define HAVE_UNISTD_H 1
| #define HAVE_ARPA_INET_H 1
| #define HAVE_FCNTL_H 1
| #define HAVE_FLOAT_H 1
| #define HAVE_INTTYPES_H 1
| #define HAVE_LIMITS_H 1
| #define HAVE_STDDEF_H 1
| #define HAVE_STDINT_H 1
| #define HAVE_STDLIB_H 1
| #define HAVE_STRING_H 1
| #define HAVE_STRINGS_H 1
| #define HAVE_SYS_FILE_H 1
| #define HAVE_SYS_IOCTL_H 1
| #define HAVE_SYS_MOUNT_H 1
| #define HAVE_SYS_PARAM_H 1
| #define HAVE_SYS_STATVFS_H 1
| #define HAVE_SYS_TIME_H 1
| #define HAVE_UNISTD_H 1
| #define HAVE_UTIME_H 1
| #define HAVE__BOOL 1
| #define HAVE_STRUCT_STAT_ST_BLKSIZE 1
| #define HAVE_PTRDIFF_T 1
| #define HAVE_FORK 1
| #define HAVE_VFORK 1
| #define HAVE_WORKING_VFORK 1
| #define HAVE_WORKING_FORK 1
| #define HAVE_STDLIB_H 1
| #define HAVE_MALLOC 1
| #define HAVE_STDLIB_H 1
| #define HAVE_REALLOC 1
| #define HAVE_DECL_STRERROR_R 1
| #define HAVE_STRERROR_R 1
| /* end confdefs.h.  */
| #include <stdio.h>
| #ifdef HAVE_SYS_TYPES_H
| # include <sys/types.h>
| #endif
| #ifdef HAVE_SYS_STAT_H
| # include <sys/stat.h>
| #endif
| #ifdef STDC_HEADERS
| # include <stdlib.h>
| # include <stddef.h>
| #else
| # ifdef HAVE_STDLIB_H
| #  include <stdlib.h>
| # endif
| #endif
| #ifdef HAVE_STRING_H
| # if !defined STDC_HEADERS && defined HAVE_MEMORY_H
| #  include <memory.h>
| # endif
| # include <string.h>
| #endif
| #ifdef HAVE_STRINGS_H
| # include <strings.h>
| #endif
| #ifdef HAVE_INTTYPES_H
| # include <inttypes.h>
| #endif
| #ifdef HAVE_STDINT_H
| # include <stdint.h>
| #endif
| #ifdef HAVE_UNISTD_H
| # include <unistd.h>
| #endif
| int
| main ()
| {
| 
| 	  char buf[100];
| 	  char x = *strerror_r (0, buf, sizeof buf);
| 	  char *p = strerror_r (0, buf, sizeof buf);
| 	  return !p || x;
| 
|   ;
|   return 0;
| }
configure:5625: result: no
configure:5636: checking for clock_gettime
configure:5636: gcc -o conftest -g -O2   conftest.c  >&5
Undefined symbols for architecture x86_64:
  "_clock_gettime", referenced from:
      _main in conftest-043fac.o
ld: symbol(s) not found for architecture x86_64
clang: error: linker command failed with exit code 1 (use -v to see invocation)
configure:5636: $? = 1
configure: failed program was:
| /* confdefs.h */
| #define PACKAGE_NAME "aggregate"
| #define PACKAGE_TARNAME "aggregate"
| #define PACKAGE_VERSION "1.0"
| #define PACKAGE_STRING "aggregate 1.0"
| #define PACKAGE_BUGREPORT "wudanzy@163.com"
| #define PACKAGE_URL ""
| #define PACKAGE "aggregate"
| #define VERSION "1.0"
| #define STDC_HEADERS 1
| #define HAVE_SYS_TYPES_H 1
| #define HAVE_SYS_STAT_H 1
| #define HAVE_STDLIB_H 1
| #define HAVE_STRING_H 1
| #define HAVE_MEMORY_H 1
| #define HAVE_STRINGS_H 1
| #define HAVE_INTTYPES_H 1
| #define HAVE_STDINT_H 1
| #define HAVE_UNISTD_H 1
| #define HAVE_ARPA_INET_H 1
| #define HAVE_FCNTL_H 1
| #define HAVE_FLOAT_H 1
| #define HAVE_INTTYPES_H 1
| #define HAVE_LIMITS_H 1
| #define HAVE_STDDEF_H 1
| #define HAVE_STDINT_H 1
| #define HAVE_STDLIB_H 1
| #define HAVE_STRING_H 1
| #define HAVE_STRINGS_H 1
| #define HAVE_SYS_FILE_H 1
| #define HAVE_SYS_IOCTL_H 1
| #define HAVE_SYS_MOUNT_H 1
| #define HAVE_SYS_PARAM_H 1
| #define HAVE_SYS_STATVFS_H 1
| #define HAVE_SYS_TIME_H 1
| #define HAVE_UNISTD_H 1
| #define HAVE_UTIME_H 1
| #define HAVE__BOOL 1
| #define HAVE_STRUCT_STAT_ST_BLKSIZE 1
| #define HAVE_PTRDIFF_T 1
| #define HAVE_FORK 1
| #define HAVE_VFORK 1
| #define HAVE_WORKING_VFORK 1
| #define HAVE_WORKING_FORK 1
| #define HAVE_STDLIB_H 1
| #define HAVE_MALLOC 1
| #define HAVE_STDLIB_H 1
| #define HAVE_REALLOC 1
| #define HAVE_DECL_STRERROR_R 1
| #define HAVE_STRERROR_R 1
| /* end confdefs.h.  */
| /* Define clock_gettime to an innocuous variant, in case <limits.h> declares clock_gettime.
|    For example, HP-UX 11i <limits.h> declares gettimeofday.  */
| #define clock_gettime innocuous_clock_gettime
| 
| /* System header to define __stub macros and hopefully few prototypes,
|     which can conflict with char clock_gettime (); below.
|     Prefer <limits.h> to <assert.h> if __STDC__ is defined, since
|     <limits.h> exists even on freestanding compilers.  */
| 
| #ifdef __STDC__
| # include <limits.h>
| #else
| # include <assert.h>
| #endif
| 
| #undef clock_gettime
| 
| /* Override any GCC internal prototype to avoid an error.
|    Use char because int might match the return type of a GCC
|    builtin and then its argument prototype would still apply.  */
| #ifdef __cplusplus
| extern "C"
| #endif
| char clock_gettime ();
| /* The GNU C library defines this for functions which it implements
|     to always fail with ENOSYS.  Some functions are actually named
|     something starting with __ and the normal name is an alias.  */
| #if defined __stub_clock_gettime || defined __stub___clock_gettime
| choke me
| #endif
| 
| int
| main ()
| {
| return clock_gettime ();
|   ;
|   return 0;
| }
configure:5636: result: no
configure:5636: checking for dup2
configure:5636: gcc -o conftest -g -O2   conftest.c  >&5
configure:5636: $? = 0
configure:5636: result: yes
configure:5636: checking for fdatasync
configure:5636: gcc -o conftest -g -O2   conftest.c  >&5
configure:5636: $? = 0
configure:5636: result: yes
configure:5636: checking for getpagesize
configure:5636: gcc -o conftest -g -O2   conftest.c  >&5
configure:5636: $? = 0
configure:5636: result: yes
configure:5636: checking for gettimeofday
configure:5636: gcc -o conftest -g -O2   conftest.c  >&5
configure:5636: $? = 0
configure:5636: result: yes
configure:5636: checking for localtime_r
configure:5636: gcc -o conftest -g -O2   conftest.c  >&5
configure:5636: $? = 0
configure:5636: result: yes
configure:5636: checking for memmove
configure:5636: gcc -o conftest -g -O2   conftest.c  >&5
conftest.c:80:6: warning: incompatible redeclaration of library function 'memmove' [-Wincompatible-library-redeclaration]
char memmove ();
     ^
conftest.c:80:6: note: 'memmove' is a builtin with type 'void *(void *, const void *, unsigned long)'
1 warning generated.
configure:5636: $? = 0
configure:5636: result: yes
configure:5636: checking for memset
configure:5636: gcc -o conftest -g -O2   conftest.c  >&5
conftest.c:81:6: warning: incompatible redeclaration of library function 'memset' [-Wincompatible-library-redeclaration]
char memset ();
     ^
conftest.c:81:6: note: 'memset' is a builtin with type 'void *(void *, int, unsigned long)'
1 warning generated.
configure:5636: $? = 0
configure:5636: result: yes
configure:5636: checking for rmdir
configure:5636: gcc -o conftest -g -O2   conftest.c  >&5
configure:5636: $? = 0
configure:5636: result: yes
configure:5636: checking for sqrt
configure:5636: gcc -o conftest -g -O2   conftest.c  >&5
conftest.c:83:6: warning: incompatible redeclaration of library function 'sqrt' [-Wincompatible-library-redeclaration]
char sqrt ();
     ^
conftest.c:83:6: note: 'sqrt' is a builtin with type 'double (double)'
1 warning generated.
configure:5636: $? = 0
configure:5636: result: yes
configure:5636: checking for strcasecmp
configure:5636: gcc -o conftest -g -O2   conftest.c  >&5
conftest.c:84:6: warning: incompatible redeclaration of library function 'strcasecmp' [-Wincompatible-library-redeclaration]
char strcasecmp ();
     ^
conftest.c:84:6: note: 'strcasecmp' is a builtin with type 'int (const char *, const char *)'
1 warning generated.
configure:5636: $? = 0
configure:5636: result: yes
configure:5636: checking for strchr
configure:5636: gcc -o conftest -g -O2   conftest.c  >&5
conftest.c:85:6: warning: incompatible redeclaration of library function 'strchr' [-Wincompatible-library-redeclaration]
char strchr ();
     ^
conftest.c:85:6: note: 'strchr' is a builtin with type 'char *(const char *, int)'
1 warning generated.
configure:5636: $? = 0
configure:5636: result: yes
configure:5636: checking for strdup
configure:5636: gcc -o conftest -g -O2   conftest.c  >&5
conftest.c:86:6: warning: incompatible redeclaration of library function 'strdup' [-Wincompatible-library-redeclaration]
char strdup ();
     ^
conftest.c:86:6: note: 'strdup' is a builtin with type 'char *(const char *)'
1 warning generated.
configure:5636: $? = 0
configure:5636: result: yes
configure:5636: checking for strerror
configure:5636: gcc -o conftest -g -O2   conftest.c  >&5
conftest.c:87:6: warning: incompatible redeclaration of library function 'strerror' [-Wincompatible-library-redeclaration]
char strerror ();
     ^
conftest.c:87:6: note: 'strerror' is a builtin with type 'char *(int)'
1 warning generated.
configure:5636: $? = 0
configure:5636: result: yes
configure:5636: checking for strstr
configure:5636: gcc -o conftest -g -O2   conftest.c  >&5
conftest.c:88:6: warning: incompatible redeclaration of library function 'strstr' [-Wincompatible-library-redeclaration]
char strstr ();
     ^
conftest.c:88:6: note: 'strstr' is a builtin with type 'char *(const char *, const char *)'
1 warning generated.
configure:5636: $? = 0
configure:5636: result: yes
configure:5636: checking for utime
configure:5636: gcc -o conftest -g -O2   conftest.c  >&5
configure:5636: $? = 0
configure:5636: result: yes
configure:5757: checking that generated files are newer than configure
configure:5763: result: done
configure:5790: creating ./config.status

## ---------------------- ##
## Running config.status. ##
## ---------------------- ##

This file was extended by aggregate config.status 1.0, which was
generated by GNU Autoconf 2.69.  Invocation command line was

  CONFIG_FILES    = 
  CONFIG_HEADERS  = 
  CONFIG_LINKS    = 
  CONFIG_COMMANDS = 
  $ ./config.status 

on MacBook-Air.local

config.status:904: creating Makefile
config.status:904: creating config.h
config.status:1085: config.h is unchanged
config.status:1133: executing depfiles commands

## ---------------- ##
## Cache variables. ##
## ---------------- ##

ac_cv_c_compiler_gnu=yes
ac_cv_c_inline=inline
ac_cv_c_int32_t=yes
ac_cv_c_uint8_t=yes
ac_cv_cxx_compiler_gnu=yes
ac_cv_env_CCC_set=
ac_cv_env_CCC_value=
ac_cv_env_CC_set=
ac_cv_env_CC_value=
ac_cv_env_CFLAGS_set=
ac_cv_env_CFLAGS_value=
ac_cv_env_CPPFLAGS_set=
ac_cv_env_CPPFLAGS_value=
ac_cv_env_CPP_set=
ac_cv_env_CPP_value=
ac_cv_env_CXXFLAGS_set=
ac_cv_env_CXXFLAGS_value=
ac_cv_env_CXX_set=
ac_cv_env_CXX_value=
ac_cv_env_LDFLAGS_set=
ac_cv_env_LDFLAGS_value=
ac_cv_env_LIBS_set=
ac_cv_env_LIBS_value=
ac_cv_env_build_alias_set=
ac_cv_env_build_alias_value=
ac_cv_env_host_alias_set=
ac_cv_env_host_alias_value=
ac_cv_env_target_alias_set=
ac_cv_env_target_alias_value=
ac_cv_func_clock_gettime=no
ac_cv_func_dup2=yes
ac_cv_func_fdatasync=yes
ac_cv_func_fork=yes
ac_cv_func_fork_works=yes
ac_cv_func_getpagesize=yes
ac_cv_func_gettimeofday=yes
ac_cv_func_localtime_r=yes
ac_cv_func_malloc_0_nonnull=yes
ac_cv_func_memmove=yes
ac_cv_func_memset=yes
ac_cv_func_realloc_0_nonnull=yes
ac_cv_func_rmdir=yes
ac_cv_func_sqrt=yes
ac_cv_func_strcasecmp=yes
ac_cv_func_strchr=yes
ac_cv_func_strdup=yes
ac_cv_func_strerror=yes
ac_cv_func_strerror_r=yes
ac_cv_func_strerror_r_char_p=no
ac_cv_func_strstr=yes
ac_cv_func_utime=yes
ac_cv_func_vfork=yes
ac_cv_func_vfork_works=yes
ac_cv_have_decl_strerror_r=yes
ac_cv_header_arpa_inet_h=yes
ac_cv_header_fcntl_h=yes
ac_cv_header_float_h=yes
ac_cv_header_inttypes_h=yes
ac_cv_header_limits_h=yes
ac_cv_header_malloc_h=no
ac_cv_header_memory_h=yes
ac_cv_header_stdbool_h=yes
ac_cv_header_stdc=yes
ac_cv_header_stddef_h=yes
ac_cv_header_stdint_h=yes
ac_cv_header_stdlib_h=yes
ac_cv_header_string_h=yes
ac_cv_header_strings_h=yes
ac_cv_header_sys_file_h=yes
ac_cv_header_sys_ioctl_h=yes
ac_cv_header_sys_mount_h=yes
ac_cv_header_sys_param_h=yes
ac_cv_header_sys_stat_h=yes
ac_cv_header_sys_statvfs_h=yes
ac_cv_header_sys_time_h=yes
ac_cv_header_sys_types_h=yes
ac_cv_header_unistd_h=yes
ac_cv_header_utime_h=yes
ac_cv_header_vfork_h=no
ac_cv_member_struct_stat_st_blksize=yes
ac_cv_objext=o
ac_cv_path_EGREP='/usr/bin/grep -E'
ac_cv_path_GREP=/usr/bin/grep
ac_cv_path_install='/usr/bin/install -c'
ac_cv_prog_AWK=awk
ac_cv_prog_CPP='gcc -E'
ac_cv_prog_ac_ct_CC=gcc
ac_cv_prog_ac_ct_CXX=g++
ac_cv_prog_cc_c89=
ac_cv_prog_cc_g=yes
ac_cv_prog_cxx_g=yes
ac_cv_prog_make_make_set=yes
ac_cv_type__Bool=yes
ac_cv_type_mode_t=yes
ac_cv_type_off_t=yes
ac_cv_type_pid_t=yes
ac_cv_type_ptrdiff_t=yes
ac_cv_type_size_t=yes
ac_cv_type_ssize_t=yes
ac_cv_type_uid_t=yes
am_cv_CC_dependencies_compiler_type=gcc3
am_cv_CXX_dependencies_compiler_type=gcc3
am_cv_make_support_nested_variables=yes
am_cv_prog_cc_c_o=yes

## ----------------- ##
## Output variables. ##
## ----------------- ##

ACLOCAL='${SHELL} /Users/wudanzy/addressing/src/missing aclocal-1.15'
AMDEPBACKSLASH='\'
AMDEP_FALSE='#'
AMDEP_TRUE=''
AMTAR='$${TAR-tar}'
AM_BACKSLASH='\'
AM_DEFAULT_V='$(AM_DEFAULT_VERBOSITY)'
AM_DEFAULT_VERBOSITY='1'
AM_V='$(V)'
AUTOCONF='${SHELL} /Users/wudanzy/addressing/src/missing autoconf'
AUTOHEADER='${SHELL} /Users/wudanzy/addressing/src/missing autoheader'
AUTOMAKE='${SHELL} /Users/wudanzy/addressing/src/missing automake-1.15'
AWK='awk'
CC='gcc'
CCDEPMODE='depmode=gcc3'
CFLAGS='-g -O2'
CPP='gcc -E'
CPPFLAGS=''
CXX='g++'
CXXDEPMODE='depmode=gcc3'
CXXFLAGS='-g -O2'
CYGPATH_W='echo'
DEFS='-DHAVE_CONFIG_H'
DEPDIR='.deps'
ECHO_C='\c'
ECHO_N=''
ECHO_T=''
EGREP='/usr/bin/grep -E'
EXEEXT=''
GREP='/usr/bin/grep'
INSTALL_DATA='${INSTALL} -m 644'
INSTALL_PROGRAM='${INSTALL}'
INSTALL_SCRIPT='${INSTALL}'
INSTALL_STRIP_PROGRAM='$(install_sh) -c -s'
LDFLAGS=''
LIBOBJS=''
LIBS=''
LTLIBOBJS=''
MAKEINFO='${SHELL} /Users/wudanzy/addressing/src/missing makeinfo'
MKDIR_P='./install-sh -c -d'
OBJEXT='o'
PACKAGE='aggregate'
PACKAGE_BUGREPORT='wudanzy@163.com'
PACKAGE_NAME='aggregate'
PACKAGE_STRING='aggregate 1.0'
PACKAGE_TARNAME='aggregate'
PACKAGE_URL=''
PACKAGE_VERSION='1.0'
PATH_SEPARATOR=':'
SET_MAKE=''
SHELL='/bin/sh'
STRIP=''
VERSION='1.0'
ac_ct_CC='gcc'
ac_ct_CXX='g++'
am__EXEEXT_FALSE=''
am__EXEEXT_TRUE='#'
am__fastdepCC_FALSE='#'
am__fastdepCC_TRUE=''
am__fastdepCXX_FALSE='#'
am__fastdepCXX_TRUE=''
am__include='include'
am__isrc=''
am__leading_dot='.'
am__nodep='_no'
am__quote=''
am__tar='$${TAR-tar} chof - "$$tardir"'
am__untar='$${TAR-tar} xf -'
bindir='${exec_prefix}/bin'
build_alias=''
datadir='${datarootdir}'
datarootdir='${prefix}/share'
docdir='${datarootdir}/doc/${PACKAGE_TARNAME}'
dvidir='${docdir}'
exec_prefix='${prefix}'
host_alias=''
htmldir='${docdir}'
includedir='${prefix}/include'
infodir='${datarootdir}/info'
install_sh='${SHELL} /Users/wudanzy/addressing/src/install-sh'
libdir='${exec_prefix}/lib'
libexecdir='${exec_prefix}/libexec'
localedir='${datarootdir}/locale'
localstatedir='${prefix}/var'
mandir='${datarootdir}/man'
mkdir_p='$(MKDIR_P)'
oldincludedir='/usr/include'
pdfdir='${docdir}'
prefix='/usr/local'
program_transform_name='s,x,x,'
psdir='${docdir}'
sbindir='${exec_prefix}/sbin'
sharedstatedir='${prefix}/com'
sysconfdir='${prefix}/etc'
target_alias=''

## ----------- ##
## confdefs.h. ##
## ----------- ##

/* confdefs.h */
#define PACKAGE_NAME "aggregate"
#define PACKAGE_TARNAME "aggregate"
#define PACKAGE_VERSION "1.0"
#define PACKAGE_STRING "aggregate 1.0"
#define PACKAGE_BUGREPORT "wudanzy@163.com"
#define PACKAGE_URL ""
#define PACKAGE "aggregate"
#define VERSION "1.0"
#define STDC_HEADERS 1
#define HAVE_SYS_TYPES_H 1
#define HAVE_SYS_STAT_H 1
#define HAVE_STDLIB_H 1
#define HAVE_STRING_H 1
#define HAVE_MEMORY_H 1
#define HAVE_STRINGS_H 1
#define HAVE_INTTYPES_H 1
#define HAVE_STDINT_H 1
#define HAVE_UNISTD_H 1
#define HAVE_ARPA_INET_H 1
#define HAVE_FCNTL_H 1
#define HAVE_FLOAT_H 1
#define HAVE_INTTYPES_H 1
#define HAVE_LIMITS_H 1
#define HAVE_STDDEF_H 1
#define HAVE_STDINT_H 1
#define HAVE_STDLIB_H 1
#define HAVE_STRING_H 1
#define HAVE_STRINGS_H 1
#define HAVE_SYS_FILE_H 1
#define HAVE_SYS_IOCTL_H 1
#define HAVE_SYS_MOUNT_H 1
#define HAVE_SYS_PARAM_H 1
#define HAVE_SYS_STATVFS_H 1
#define HAVE_SYS_TIME_H 1
#define HAVE_UNISTD_H 1
#define HAVE_UTIME_H 1
#define HAVE__BOOL 1
#define HAVE_STRUCT_STAT_ST_BLKSIZE 1
#define HAVE_PTRDIFF_T 1
#define HAVE_FORK 1
#define HAVE_VFORK 1
#define HAVE_WORKING_VFORK 1
#define HAVE_WORKING_FORK 1
#define HAVE_STDLIB_H 1
#define HAVE_MALLOC 1
#define HAVE_STDLIB_H 1
#define HAVE_REALLOC 1
#define HAVE_DECL_STRERROR_R 1
#define HAVE_STRERROR_R 1
#define HAVE_DUP2 1
#define HAVE_FDATASYNC 1
#define HAVE_GETPAGESIZE 1
#define HAVE_GETTIMEOFDAY 1
#define HAVE_LOCALTIME_R 1
#define HAVE_MEMMOVE 1
#define HAVE_MEMSET 1
#define HAVE_RMDIR 1
#define HAVE_SQRT 1
#define HAVE_STRCASECMP 1
#define HAVE_STRCHR 1
#define HAVE_STRDUP 1
#define HAVE_STRERROR 1
#define HAVE_STRSTR 1
#define HAVE_UTIME 1

configure: exit 0
